2017-06-10 19:10:14.605  INFO 6644 --- [main] com.shiz.DeviceControlApplication        : Starting DeviceControlApplication on batka with PID 6644 (C:\Users\OldMan\IdeaProjects\DeviceControl\target\classes started by OldMan in C:\Users\OldMan\IdeaProjects\DeviceControl)
2017-06-10 19:10:14.610  INFO 6644 --- [main] com.shiz.DeviceControlApplication        : No active profile set, falling back to default profiles: default
2017-06-10 19:10:19.831  INFO 6644 --- [main] com.shiz.DeviceControlApplication        : Started DeviceControlApplication in 5.624 seconds (JVM running for 6.231)
2017-06-10 19:11:06.128  INFO 1752 --- [main] com.shiz.DeviceControlApplication        : Starting DeviceControlApplication on batka with PID 1752 (C:\Users\OldMan\IdeaProjects\DeviceControl\target\classes started by OldMan in C:\Users\OldMan\IdeaProjects\DeviceControl)
2017-06-10 19:11:06.134  INFO 1752 --- [main] com.shiz.DeviceControlApplication        : No active profile set, falling back to default profiles: default
2017-06-10 19:11:11.132  INFO 1752 --- [main] com.shiz.DeviceControlApplication        : Started DeviceControlApplication in 5.421 seconds (JVM running for 5.995)
2017-06-10 19:11:52.237  INFO 12148 --- [main] com.shiz.DeviceControlApplication        : Starting DeviceControlApplication on batka with PID 12148 (C:\Users\OldMan\IdeaProjects\DeviceControl\target\classes started by OldMan in C:\Users\OldMan\IdeaProjects\DeviceControl)
2017-06-10 19:11:52.242  INFO 12148 --- [main] com.shiz.DeviceControlApplication        : No active profile set, falling back to default profiles: default
2017-06-10 19:11:58.630  INFO 12148 --- [main] com.shiz.DeviceControlApplication        : Started DeviceControlApplication in 6.917 seconds (JVM running for 7.63)
2017-06-10 19:16:18.170  INFO 12732 --- [main] com.shiz.DeviceControlApplication        : Starting DeviceControlApplication on batka with PID 12732 (C:\Users\OldMan\IdeaProjects\DeviceControl\target\classes started by OldMan in C:\Users\OldMan\IdeaProjects\DeviceControl)
2017-06-10 19:16:18.174  INFO 12732 --- [main] com.shiz.DeviceControlApplication        : No active profile set, falling back to default profiles: default
2017-06-10 19:16:23.658  INFO 12732 --- [main] com.shiz.DeviceControlApplication        : Started DeviceControlApplication in 5.876 seconds (JVM running for 6.436)
2017-06-10 19:18:24.928  INFO 2760 --- [main] com.shiz.DeviceControlApplication        : Starting DeviceControlApplication on batka with PID 2760 (C:\Users\OldMan\IdeaProjects\DeviceControl\target\classes started by OldMan in C:\Users\OldMan\IdeaProjects\DeviceControl)
2017-06-10 19:18:24.932  INFO 2760 --- [main] com.shiz.DeviceControlApplication        : No active profile set, falling back to default profiles: default
2017-06-10 19:18:30.074  INFO 2760 --- [main] com.shiz.DeviceControlApplication        : Started DeviceControlApplication in 5.54 seconds (JVM running for 6.093)
2017-06-10 19:19:51.305  INFO 2760 --- [http-nio-8080-exec-3] com.shiz.repository.db.DBServiceImpl     : getDeviceByDeviceId: 
2017-06-10 19:20:00.338  INFO 2760 --- [http-nio-8080-exec-4] com.shiz.repository.db.DBServiceImpl     : getDeviceByDeviceId: 
2017-06-10 19:20:00.402 ERROR 2760 --- [http-nio-8080-exec-4] com.shiz.repository.db.DBServiceImpl     : Exception NoResultException:

javax.persistence.NoResultException: No entity found for query
	at org.hibernate.query.internal.AbstractProducedQuery.getSingleResult(AbstractProducedQuery.java:1461)
	at com.shiz.repository.db.dao.DeviceDaoImpl.getDeviceByDeviceId(DeviceDaoImpl.java:63)
	at com.shiz.repository.db.DBServiceImpl.getDeviceByDeviceId(DBServiceImpl.java:116)
	at com.shiz.repository.network.DeviceController.getDeviceById(DeviceController.java:29)
	at sun.reflect.NativeMethodAccessorImpl.invoke0(Native Method)
	at sun.reflect.NativeMethodAccessorImpl.invoke(NativeMethodAccessorImpl.java:62)
	at sun.reflect.DelegatingMethodAccessorImpl.invoke(DelegatingMethodAccessorImpl.java:43)
	at java.lang.reflect.Method.invoke(Method.java:498)
	at org.springframework.web.method.support.InvocableHandlerMethod.doInvoke(InvocableHandlerMethod.java:205)
	at org.springframework.web.method.support.InvocableHandlerMethod.invokeForRequest(InvocableHandlerMethod.java:133)
	at org.springframework.web.servlet.mvc.method.annotation.ServletInvocableHandlerMethod.invokeAndHandle(ServletInvocableHandlerMethod.java:116)
	at org.springframework.web.servlet.mvc.method.annotation.RequestMappingHandlerAdapter.invokeHandlerMethod(RequestMappingHandlerAdapter.java:827)
	at org.springframework.web.servlet.mvc.method.annotation.RequestMappingHandlerAdapter.handleInternal(RequestMappingHandlerAdapter.java:738)
	at org.springframework.web.servlet.mvc.method.AbstractHandlerMethodAdapter.handle(AbstractHandlerMethodAdapter.java:85)
	at org.springframework.web.servlet.DispatcherServlet.doDispatch(DispatcherServlet.java:963)
	at org.springframework.web.servlet.DispatcherServlet.doService(DispatcherServlet.java:897)
	at org.springframework.web.servlet.FrameworkServlet.processRequest(FrameworkServlet.java:970)
	at org.springframework.web.servlet.FrameworkServlet.doGet(FrameworkServlet.java:861)
	at javax.servlet.http.HttpServlet.service(HttpServlet.java:622)
	at org.springframework.web.servlet.FrameworkServlet.service(FrameworkServlet.java:846)
	at javax.servlet.http.HttpServlet.service(HttpServlet.java:729)
	at org.apache.catalina.core.ApplicationFilterChain.internalDoFilter(ApplicationFilterChain.java:230)
	at org.apache.catalina.core.ApplicationFilterChain.doFilter(ApplicationFilterChain.java:165)
	at org.apache.tomcat.websocket.server.WsFilter.doFilter(WsFilter.java:52)
	at org.apache.catalina.core.ApplicationFilterChain.internalDoFilter(ApplicationFilterChain.java:192)
	at org.apache.catalina.core.ApplicationFilterChain.doFilter(ApplicationFilterChain.java:165)
	at org.springframework.web.filter.RequestContextFilter.doFilterInternal(RequestContextFilter.java:99)
	at org.springframework.web.filter.OncePerRequestFilter.doFilter(OncePerRequestFilter.java:107)
	at org.apache.catalina.core.ApplicationFilterChain.internalDoFilter(ApplicationFilterChain.java:192)
	at org.apache.catalina.core.ApplicationFilterChain.doFilter(ApplicationFilterChain.java:165)
	at org.springframework.web.filter.HttpPutFormContentFilter.doFilterInternal(HttpPutFormContentFilter.java:105)
	at org.springframework.web.filter.OncePerRequestFilter.doFilter(OncePerRequestFilter.java:107)
	at org.apache.catalina.core.ApplicationFilterChain.internalDoFilter(ApplicationFilterChain.java:192)
	at org.apache.catalina.core.ApplicationFilterChain.doFilter(ApplicationFilterChain.java:165)
	at org.springframework.web.filter.HiddenHttpMethodFilter.doFilterInternal(HiddenHttpMethodFilter.java:81)
	at org.springframework.web.filter.OncePerRequestFilter.doFilter(OncePerRequestFilter.java:107)
	at org.apache.catalina.core.ApplicationFilterChain.internalDoFilter(ApplicationFilterChain.java:192)
	at org.apache.catalina.core.ApplicationFilterChain.doFilter(ApplicationFilterChain.java:165)
	at org.springframework.web.filter.CharacterEncodingFilter.doFilterInternal(CharacterEncodingFilter.java:197)
	at org.springframework.web.filter.OncePerRequestFilter.doFilter(OncePerRequestFilter.java:107)
	at org.apache.catalina.core.ApplicationFilterChain.internalDoFilter(ApplicationFilterChain.java:192)
	at org.apache.catalina.core.ApplicationFilterChain.doFilter(ApplicationFilterChain.java:165)
	at org.apache.catalina.core.StandardWrapperValve.invoke(StandardWrapperValve.java:198)
	at org.apache.catalina.core.StandardContextValve.invoke(StandardContextValve.java:96)
	at org.apache.catalina.authenticator.AuthenticatorBase.invoke(AuthenticatorBase.java:474)
	at org.apache.catalina.core.StandardHostValve.invoke(StandardHostValve.java:140)
	at org.apache.catalina.valves.ErrorReportValve.invoke(ErrorReportValve.java:79)
	at org.apache.catalina.core.StandardEngineValve.invoke(StandardEngineValve.java:87)
	at org.apache.catalina.connector.CoyoteAdapter.service(CoyoteAdapter.java:349)
	at org.apache.coyote.http11.Http11Processor.service(Http11Processor.java:783)
	at org.apache.coyote.AbstractProcessorLight.process(AbstractProcessorLight.java:66)
	at org.apache.coyote.AbstractProtocol$ConnectionHandler.process(AbstractProtocol.java:798)
	at org.apache.tomcat.util.net.NioEndpoint$SocketProcessor.doRun(NioEndpoint.java:1434)
	at org.apache.tomcat.util.net.SocketProcessorBase.run(SocketProcessorBase.java:49)
	at java.util.concurrent.ThreadPoolExecutor.runWorker(ThreadPoolExecutor.java:1142)
	at java.util.concurrent.ThreadPoolExecutor$Worker.run(ThreadPoolExecutor.java:617)
	at org.apache.tomcat.util.threads.TaskThread$WrappingRunnable.run(TaskThread.java:61)
	at java.lang.Thread.run(Thread.java:748)

2017-06-10 19:23:13.167 ERROR 2760 --- [http-nio-8080-exec-6] c.s.r.exception.ErrorController          : Unexpected error

com.google.gson.JsonSyntaxException: com.google.gson.stream.MalformedJsonException: Unterminated object at line 4 column 2 path $.version_os
	at com.google.gson.Gson.fromJson(Gson.java:902)
	at com.google.gson.Gson.fromJson(Gson.java:852)
	at com.google.gson.Gson.fromJson(Gson.java:801)
	at com.google.gson.Gson.fromJson(Gson.java:773)
	at com.shiz.repository.db.DBServiceImpl.setNewDevice(DBServiceImpl.java:84)
	at com.shiz.repository.network.DeviceController.setNewDevice(DeviceController.java:146)
	at sun.reflect.NativeMethodAccessorImpl.invoke0(Native Method)
	at sun.reflect.NativeMethodAccessorImpl.invoke(NativeMethodAccessorImpl.java:62)
	at sun.reflect.DelegatingMethodAccessorImpl.invoke(DelegatingMethodAccessorImpl.java:43)
	at java.lang.reflect.Method.invoke(Method.java:498)
	at org.springframework.web.method.support.InvocableHandlerMethod.doInvoke(InvocableHandlerMethod.java:205)
	at org.springframework.web.method.support.InvocableHandlerMethod.invokeForRequest(InvocableHandlerMethod.java:133)
	at org.springframework.web.servlet.mvc.method.annotation.ServletInvocableHandlerMethod.invokeAndHandle(ServletInvocableHandlerMethod.java:116)
	at org.springframework.web.servlet.mvc.method.annotation.RequestMappingHandlerAdapter.invokeHandlerMethod(RequestMappingHandlerAdapter.java:827)
	at org.springframework.web.servlet.mvc.method.annotation.RequestMappingHandlerAdapter.handleInternal(RequestMappingHandlerAdapter.java:738)
	at org.springframework.web.servlet.mvc.method.AbstractHandlerMethodAdapter.handle(AbstractHandlerMethodAdapter.java:85)
	at org.springframework.web.servlet.DispatcherServlet.doDispatch(DispatcherServlet.java:963)
	at org.springframework.web.servlet.DispatcherServlet.doService(DispatcherServlet.java:897)
	at org.springframework.web.servlet.FrameworkServlet.processRequest(FrameworkServlet.java:970)
	at org.springframework.web.servlet.FrameworkServlet.doPost(FrameworkServlet.java:872)
	at javax.servlet.http.HttpServlet.service(HttpServlet.java:648)
	at org.springframework.web.servlet.FrameworkServlet.service(FrameworkServlet.java:846)
	at javax.servlet.http.HttpServlet.service(HttpServlet.java:729)
	at org.apache.catalina.core.ApplicationFilterChain.internalDoFilter(ApplicationFilterChain.java:230)
	at org.apache.catalina.core.ApplicationFilterChain.doFilter(ApplicationFilterChain.java:165)
	at org.apache.tomcat.websocket.server.WsFilter.doFilter(WsFilter.java:52)
	at org.apache.catalina.core.ApplicationFilterChain.internalDoFilter(ApplicationFilterChain.java:192)
	at org.apache.catalina.core.ApplicationFilterChain.doFilter(ApplicationFilterChain.java:165)
	at org.springframework.web.filter.RequestContextFilter.doFilterInternal(RequestContextFilter.java:99)
	at org.springframework.web.filter.OncePerRequestFilter.doFilter(OncePerRequestFilter.java:107)
	at org.apache.catalina.core.ApplicationFilterChain.internalDoFilter(ApplicationFilterChain.java:192)
	at org.apache.catalina.core.ApplicationFilterChain.doFilter(ApplicationFilterChain.java:165)
	at org.springframework.web.filter.HttpPutFormContentFilter.doFilterInternal(HttpPutFormContentFilter.java:105)
	at org.springframework.web.filter.OncePerRequestFilter.doFilter(OncePerRequestFilter.java:107)
	at org.apache.catalina.core.ApplicationFilterChain.internalDoFilter(ApplicationFilterChain.java:192)
	at org.apache.catalina.core.ApplicationFilterChain.doFilter(ApplicationFilterChain.java:165)
	at org.springframework.web.filter.HiddenHttpMethodFilter.doFilterInternal(HiddenHttpMethodFilter.java:81)
	at org.springframework.web.filter.OncePerRequestFilter.doFilter(OncePerRequestFilter.java:107)
	at org.apache.catalina.core.ApplicationFilterChain.internalDoFilter(ApplicationFilterChain.java:192)
	at org.apache.catalina.core.ApplicationFilterChain.doFilter(ApplicationFilterChain.java:165)
	at org.springframework.web.filter.CharacterEncodingFilter.doFilterInternal(CharacterEncodingFilter.java:197)
	at org.springframework.web.filter.OncePerRequestFilter.doFilter(OncePerRequestFilter.java:107)
	at org.apache.catalina.core.ApplicationFilterChain.internalDoFilter(ApplicationFilterChain.java:192)
	at org.apache.catalina.core.ApplicationFilterChain.doFilter(ApplicationFilterChain.java:165)
	at org.apache.catalina.core.StandardWrapperValve.invoke(StandardWrapperValve.java:198)
	at org.apache.catalina.core.StandardContextValve.invoke(StandardContextValve.java:96)
	at org.apache.catalina.authenticator.AuthenticatorBase.invoke(AuthenticatorBase.java:474)
	at org.apache.catalina.core.StandardHostValve.invoke(StandardHostValve.java:140)
	at org.apache.catalina.valves.ErrorReportValve.invoke(ErrorReportValve.java:79)
	at org.apache.catalina.core.StandardEngineValve.invoke(StandardEngineValve.java:87)
	at org.apache.catalina.connector.CoyoteAdapter.service(CoyoteAdapter.java:349)
	at org.apache.coyote.http11.Http11Processor.service(Http11Processor.java:783)
	at org.apache.coyote.AbstractProcessorLight.process(AbstractProcessorLight.java:66)
	at org.apache.coyote.AbstractProtocol$ConnectionHandler.process(AbstractProtocol.java:798)
	at org.apache.tomcat.util.net.NioEndpoint$SocketProcessor.doRun(NioEndpoint.java:1434)
	at org.apache.tomcat.util.net.SocketProcessorBase.run(SocketProcessorBase.java:49)
	at java.util.concurrent.ThreadPoolExecutor.runWorker(ThreadPoolExecutor.java:1142)
	at java.util.concurrent.ThreadPoolExecutor$Worker.run(ThreadPoolExecutor.java:617)
	at org.apache.tomcat.util.threads.TaskThread$WrappingRunnable.run(TaskThread.java:61)
	at java.lang.Thread.run(Thread.java:748)
Caused by: com.google.gson.stream.MalformedJsonException: Unterminated object at line 4 column 2 path $.version_os
	at com.google.gson.stream.JsonReader.syntaxError(JsonReader.java:1559)
	at com.google.gson.stream.JsonReader.doPeek(JsonReader.java:491)
	at com.google.gson.stream.JsonReader.hasNext(JsonReader.java:414)
	at com.google.gson.internal.bind.ReflectiveTypeAdapterFactory$Adapter.read(ReflectiveTypeAdapterFactory.java:214)
	at com.google.gson.Gson.fromJson(Gson.java:887)
	... 59 common frames omitted

2017-06-10 19:30:33.003  INFO 13468 --- [main] com.shiz.DeviceControlApplication        : Starting DeviceControlApplication on batka with PID 13468 (C:\Users\OldMan\IdeaProjects\DeviceControl\target\classes started by OldMan in C:\Users\OldMan\IdeaProjects\DeviceControl)
2017-06-10 19:30:33.007  INFO 13468 --- [main] com.shiz.DeviceControlApplication        : No active profile set, falling back to default profiles: default
2017-06-10 19:30:39.734  INFO 13468 --- [main] com.shiz.DeviceControlApplication        : Started DeviceControlApplication in 7.184 seconds (JVM running for 7.803)
2017-06-10 19:33:17.576  INFO 13468 --- [http-nio-8080-exec-1] com.shiz.repository.db.DBServiceImpl     : getDeviceByDeviceId: 
2017-06-10 19:33:17.682 ERROR 13468 --- [http-nio-8080-exec-1] com.shiz.repository.db.DBServiceImpl     : Exception NoResultException:

javax.persistence.NoResultException: No entity found for query
	at org.hibernate.query.internal.AbstractProducedQuery.getSingleResult(AbstractProducedQuery.java:1461)
	at com.shiz.repository.db.dao.DeviceDaoImpl.getDeviceByDeviceId(DeviceDaoImpl.java:63)
	at com.shiz.repository.db.DBServiceImpl.getDeviceByDeviceId(DBServiceImpl.java:116)
	at com.shiz.repository.network.DeviceController.getDeviceById(DeviceController.java:29)
	at sun.reflect.NativeMethodAccessorImpl.invoke0(Native Method)
	at sun.reflect.NativeMethodAccessorImpl.invoke(NativeMethodAccessorImpl.java:62)
	at sun.reflect.DelegatingMethodAccessorImpl.invoke(DelegatingMethodAccessorImpl.java:43)
	at java.lang.reflect.Method.invoke(Method.java:498)
	at org.springframework.web.method.support.InvocableHandlerMethod.doInvoke(InvocableHandlerMethod.java:205)
	at org.springframework.web.method.support.InvocableHandlerMethod.invokeForRequest(InvocableHandlerMethod.java:133)
	at org.springframework.web.servlet.mvc.method.annotation.ServletInvocableHandlerMethod.invokeAndHandle(ServletInvocableHandlerMethod.java:116)
	at org.springframework.web.servlet.mvc.method.annotation.RequestMappingHandlerAdapter.invokeHandlerMethod(RequestMappingHandlerAdapter.java:827)
	at org.springframework.web.servlet.mvc.method.annotation.RequestMappingHandlerAdapter.handleInternal(RequestMappingHandlerAdapter.java:738)
	at org.springframework.web.servlet.mvc.method.AbstractHandlerMethodAdapter.handle(AbstractHandlerMethodAdapter.java:85)
	at org.springframework.web.servlet.DispatcherServlet.doDispatch(DispatcherServlet.java:963)
	at org.springframework.web.servlet.DispatcherServlet.doService(DispatcherServlet.java:897)
	at org.springframework.web.servlet.FrameworkServlet.processRequest(FrameworkServlet.java:970)
	at org.springframework.web.servlet.FrameworkServlet.doGet(FrameworkServlet.java:861)
	at javax.servlet.http.HttpServlet.service(HttpServlet.java:622)
	at org.springframework.web.servlet.FrameworkServlet.service(FrameworkServlet.java:846)
	at javax.servlet.http.HttpServlet.service(HttpServlet.java:729)
	at org.apache.catalina.core.ApplicationFilterChain.internalDoFilter(ApplicationFilterChain.java:230)
	at org.apache.catalina.core.ApplicationFilterChain.doFilter(ApplicationFilterChain.java:165)
	at org.apache.tomcat.websocket.server.WsFilter.doFilter(WsFilter.java:52)
	at org.apache.catalina.core.ApplicationFilterChain.internalDoFilter(ApplicationFilterChain.java:192)
	at org.apache.catalina.core.ApplicationFilterChain.doFilter(ApplicationFilterChain.java:165)
	at org.springframework.web.filter.RequestContextFilter.doFilterInternal(RequestContextFilter.java:99)
	at org.springframework.web.filter.OncePerRequestFilter.doFilter(OncePerRequestFilter.java:107)
	at org.apache.catalina.core.ApplicationFilterChain.internalDoFilter(ApplicationFilterChain.java:192)
	at org.apache.catalina.core.ApplicationFilterChain.doFilter(ApplicationFilterChain.java:165)
	at org.springframework.web.filter.HttpPutFormContentFilter.doFilterInternal(HttpPutFormContentFilter.java:105)
	at org.springframework.web.filter.OncePerRequestFilter.doFilter(OncePerRequestFilter.java:107)
	at org.apache.catalina.core.ApplicationFilterChain.internalDoFilter(ApplicationFilterChain.java:192)
	at org.apache.catalina.core.ApplicationFilterChain.doFilter(ApplicationFilterChain.java:165)
	at org.springframework.web.filter.HiddenHttpMethodFilter.doFilterInternal(HiddenHttpMethodFilter.java:81)
	at org.springframework.web.filter.OncePerRequestFilter.doFilter(OncePerRequestFilter.java:107)
	at org.apache.catalina.core.ApplicationFilterChain.internalDoFilter(ApplicationFilterChain.java:192)
	at org.apache.catalina.core.ApplicationFilterChain.doFilter(ApplicationFilterChain.java:165)
	at org.springframework.web.filter.CharacterEncodingFilter.doFilterInternal(CharacterEncodingFilter.java:197)
	at org.springframework.web.filter.OncePerRequestFilter.doFilter(OncePerRequestFilter.java:107)
	at org.apache.catalina.core.ApplicationFilterChain.internalDoFilter(ApplicationFilterChain.java:192)
	at org.apache.catalina.core.ApplicationFilterChain.doFilter(ApplicationFilterChain.java:165)
	at org.apache.catalina.core.StandardWrapperValve.invoke(StandardWrapperValve.java:198)
	at org.apache.catalina.core.StandardContextValve.invoke(StandardContextValve.java:96)
	at org.apache.catalina.authenticator.AuthenticatorBase.invoke(AuthenticatorBase.java:474)
	at org.apache.catalina.core.StandardHostValve.invoke(StandardHostValve.java:140)
	at org.apache.catalina.valves.ErrorReportValve.invoke(ErrorReportValve.java:79)
	at org.apache.catalina.core.StandardEngineValve.invoke(StandardEngineValve.java:87)
	at org.apache.catalina.connector.CoyoteAdapter.service(CoyoteAdapter.java:349)
	at org.apache.coyote.http11.Http11Processor.service(Http11Processor.java:783)
	at org.apache.coyote.AbstractProcessorLight.process(AbstractProcessorLight.java:66)
	at org.apache.coyote.AbstractProtocol$ConnectionHandler.process(AbstractProtocol.java:798)
	at org.apache.tomcat.util.net.NioEndpoint$SocketProcessor.doRun(NioEndpoint.java:1434)
	at org.apache.tomcat.util.net.SocketProcessorBase.run(SocketProcessorBase.java:49)
	at java.util.concurrent.ThreadPoolExecutor.runWorker(ThreadPoolExecutor.java:1142)
	at java.util.concurrent.ThreadPoolExecutor$Worker.run(ThreadPoolExecutor.java:617)
	at org.apache.tomcat.util.threads.TaskThread$WrappingRunnable.run(TaskThread.java:61)
	at java.lang.Thread.run(Thread.java:748)

2017-06-10 19:36:23.243 ERROR 13468 --- [http-nio-8080-exec-4] c.s.r.exception.ErrorController          : Unexpected error

com.google.gson.JsonSyntaxException: 2013-07-07 19:15:00.0
	at com.google.gson.internal.bind.DateTypeAdapter.deserializeToDate(DateTypeAdapter.java:74)
	at com.google.gson.internal.bind.DateTypeAdapter.read(DateTypeAdapter.java:59)
	at com.google.gson.internal.bind.DateTypeAdapter.read(DateTypeAdapter.java:41)
	at com.google.gson.internal.bind.ReflectiveTypeAdapterFactory$1.read(ReflectiveTypeAdapterFactory.java:129)
	at com.google.gson.internal.bind.ReflectiveTypeAdapterFactory$Adapter.read(ReflectiveTypeAdapterFactory.java:220)
	at com.google.gson.internal.bind.TypeAdapterRuntimeTypeWrapper.read(TypeAdapterRuntimeTypeWrapper.java:41)
	at com.google.gson.internal.bind.CollectionTypeAdapterFactory$Adapter.read(CollectionTypeAdapterFactory.java:82)
	at com.google.gson.internal.bind.CollectionTypeAdapterFactory$Adapter.read(CollectionTypeAdapterFactory.java:61)
	at com.google.gson.internal.bind.ReflectiveTypeAdapterFactory$1.read(ReflectiveTypeAdapterFactory.java:129)
	at com.google.gson.internal.bind.ReflectiveTypeAdapterFactory$Adapter.read(ReflectiveTypeAdapterFactory.java:220)
	at com.google.gson.Gson.fromJson(Gson.java:887)
	at com.google.gson.Gson.fromJson(Gson.java:852)
	at com.google.gson.Gson.fromJson(Gson.java:801)
	at com.google.gson.Gson.fromJson(Gson.java:773)
	at com.shiz.repository.db.DBServiceImpl.setLocationList(DBServiceImpl.java:445)
	at com.shiz.repository.network.DeviceController.setLocationList(DeviceController.java:188)
	at sun.reflect.NativeMethodAccessorImpl.invoke0(Native Method)
	at sun.reflect.NativeMethodAccessorImpl.invoke(NativeMethodAccessorImpl.java:62)
	at sun.reflect.DelegatingMethodAccessorImpl.invoke(DelegatingMethodAccessorImpl.java:43)
	at java.lang.reflect.Method.invoke(Method.java:498)
	at org.springframework.web.method.support.InvocableHandlerMethod.doInvoke(InvocableHandlerMethod.java:205)
	at org.springframework.web.method.support.InvocableHandlerMethod.invokeForRequest(InvocableHandlerMethod.java:133)
	at org.springframework.web.servlet.mvc.method.annotation.ServletInvocableHandlerMethod.invokeAndHandle(ServletInvocableHandlerMethod.java:116)
	at org.springframework.web.servlet.mvc.method.annotation.RequestMappingHandlerAdapter.invokeHandlerMethod(RequestMappingHandlerAdapter.java:827)
	at org.springframework.web.servlet.mvc.method.annotation.RequestMappingHandlerAdapter.handleInternal(RequestMappingHandlerAdapter.java:738)
	at org.springframework.web.servlet.mvc.method.AbstractHandlerMethodAdapter.handle(AbstractHandlerMethodAdapter.java:85)
	at org.springframework.web.servlet.DispatcherServlet.doDispatch(DispatcherServlet.java:963)
	at org.springframework.web.servlet.DispatcherServlet.doService(DispatcherServlet.java:897)
	at org.springframework.web.servlet.FrameworkServlet.processRequest(FrameworkServlet.java:970)
	at org.springframework.web.servlet.FrameworkServlet.doPost(FrameworkServlet.java:872)
	at javax.servlet.http.HttpServlet.service(HttpServlet.java:648)
	at org.springframework.web.servlet.FrameworkServlet.service(FrameworkServlet.java:846)
	at javax.servlet.http.HttpServlet.service(HttpServlet.java:729)
	at org.apache.catalina.core.ApplicationFilterChain.internalDoFilter(ApplicationFilterChain.java:230)
	at org.apache.catalina.core.ApplicationFilterChain.doFilter(ApplicationFilterChain.java:165)
	at org.apache.tomcat.websocket.server.WsFilter.doFilter(WsFilter.java:52)
	at org.apache.catalina.core.ApplicationFilterChain.internalDoFilter(ApplicationFilterChain.java:192)
	at org.apache.catalina.core.ApplicationFilterChain.doFilter(ApplicationFilterChain.java:165)
	at org.springframework.web.filter.RequestContextFilter.doFilterInternal(RequestContextFilter.java:99)
	at org.springframework.web.filter.OncePerRequestFilter.doFilter(OncePerRequestFilter.java:107)
	at org.apache.catalina.core.ApplicationFilterChain.internalDoFilter(ApplicationFilterChain.java:192)
	at org.apache.catalina.core.ApplicationFilterChain.doFilter(ApplicationFilterChain.java:165)
	at org.springframework.web.filter.HttpPutFormContentFilter.doFilterInternal(HttpPutFormContentFilter.java:105)
	at org.springframework.web.filter.OncePerRequestFilter.doFilter(OncePerRequestFilter.java:107)
	at org.apache.catalina.core.ApplicationFilterChain.internalDoFilter(ApplicationFilterChain.java:192)
	at org.apache.catalina.core.ApplicationFilterChain.doFilter(ApplicationFilterChain.java:165)
	at org.springframework.web.filter.HiddenHttpMethodFilter.doFilterInternal(HiddenHttpMethodFilter.java:81)
	at org.springframework.web.filter.OncePerRequestFilter.doFilter(OncePerRequestFilter.java:107)
	at org.apache.catalina.core.ApplicationFilterChain.internalDoFilter(ApplicationFilterChain.java:192)
	at org.apache.catalina.core.ApplicationFilterChain.doFilter(ApplicationFilterChain.java:165)
	at org.springframework.web.filter.CharacterEncodingFilter.doFilterInternal(CharacterEncodingFilter.java:197)
	at org.springframework.web.filter.OncePerRequestFilter.doFilter(OncePerRequestFilter.java:107)
	at org.apache.catalina.core.ApplicationFilterChain.internalDoFilter(ApplicationFilterChain.java:192)
	at org.apache.catalina.core.ApplicationFilterChain.doFilter(ApplicationFilterChain.java:165)
	at org.apache.catalina.core.StandardWrapperValve.invoke(StandardWrapperValve.java:198)
	at org.apache.catalina.core.StandardContextValve.invoke(StandardContextValve.java:96)
	at org.apache.catalina.authenticator.AuthenticatorBase.invoke(AuthenticatorBase.java:474)
	at org.apache.catalina.core.StandardHostValve.invoke(StandardHostValve.java:140)
	at org.apache.catalina.valves.ErrorReportValve.invoke(ErrorReportValve.java:79)
	at org.apache.catalina.core.StandardEngineValve.invoke(StandardEngineValve.java:87)
	at org.apache.catalina.connector.CoyoteAdapter.service(CoyoteAdapter.java:349)
	at org.apache.coyote.http11.Http11Processor.service(Http11Processor.java:783)
	at org.apache.coyote.AbstractProcessorLight.process(AbstractProcessorLight.java:66)
	at org.apache.coyote.AbstractProtocol$ConnectionHandler.process(AbstractProtocol.java:798)
	at org.apache.tomcat.util.net.NioEndpoint$SocketProcessor.doRun(NioEndpoint.java:1434)
	at org.apache.tomcat.util.net.SocketProcessorBase.run(SocketProcessorBase.java:49)
	at java.util.concurrent.ThreadPoolExecutor.runWorker(ThreadPoolExecutor.java:1142)
	at java.util.concurrent.ThreadPoolExecutor$Worker.run(ThreadPoolExecutor.java:617)
	at org.apache.tomcat.util.threads.TaskThread$WrappingRunnable.run(TaskThread.java:61)
	at java.lang.Thread.run(Thread.java:748)
Caused by: java.text.ParseException: Failed to parse date ["2013-07-07 19:15:00.0']: Invalid time zone indicator ' '
	at com.google.gson.internal.bind.util.ISO8601Utils.parse(ISO8601Utils.java:274)
	at com.google.gson.internal.bind.DateTypeAdapter.deserializeToDate(DateTypeAdapter.java:72)
	... 69 common frames omitted
Caused by: java.lang.IndexOutOfBoundsException: Invalid time zone indicator ' '
	at com.google.gson.internal.bind.util.ISO8601Utils.parse(ISO8601Utils.java:245)
	... 70 common frames omitted

2017-06-10 19:36:38.013 ERROR 13468 --- [http-nio-8080-exec-5] c.s.r.exception.ErrorController          : Unexpected error

com.google.gson.JsonSyntaxException: 2013-07-07 19:15:00.0 +03.00
	at com.google.gson.internal.bind.DateTypeAdapter.deserializeToDate(DateTypeAdapter.java:74)
	at com.google.gson.internal.bind.DateTypeAdapter.read(DateTypeAdapter.java:59)
	at com.google.gson.internal.bind.DateTypeAdapter.read(DateTypeAdapter.java:41)
	at com.google.gson.internal.bind.ReflectiveTypeAdapterFactory$1.read(ReflectiveTypeAdapterFactory.java:129)
	at com.google.gson.internal.bind.ReflectiveTypeAdapterFactory$Adapter.read(ReflectiveTypeAdapterFactory.java:220)
	at com.google.gson.internal.bind.TypeAdapterRuntimeTypeWrapper.read(TypeAdapterRuntimeTypeWrapper.java:41)
	at com.google.gson.internal.bind.CollectionTypeAdapterFactory$Adapter.read(CollectionTypeAdapterFactory.java:82)
	at com.google.gson.internal.bind.CollectionTypeAdapterFactory$Adapter.read(CollectionTypeAdapterFactory.java:61)
	at com.google.gson.internal.bind.ReflectiveTypeAdapterFactory$1.read(ReflectiveTypeAdapterFactory.java:129)
	at com.google.gson.internal.bind.ReflectiveTypeAdapterFactory$Adapter.read(ReflectiveTypeAdapterFactory.java:220)
	at com.google.gson.Gson.fromJson(Gson.java:887)
	at com.google.gson.Gson.fromJson(Gson.java:852)
	at com.google.gson.Gson.fromJson(Gson.java:801)
	at com.google.gson.Gson.fromJson(Gson.java:773)
	at com.shiz.repository.db.DBServiceImpl.setLocationList(DBServiceImpl.java:445)
	at com.shiz.repository.network.DeviceController.setLocationList(DeviceController.java:188)
	at sun.reflect.NativeMethodAccessorImpl.invoke0(Native Method)
	at sun.reflect.NativeMethodAccessorImpl.invoke(NativeMethodAccessorImpl.java:62)
	at sun.reflect.DelegatingMethodAccessorImpl.invoke(DelegatingMethodAccessorImpl.java:43)
	at java.lang.reflect.Method.invoke(Method.java:498)
	at org.springframework.web.method.support.InvocableHandlerMethod.doInvoke(InvocableHandlerMethod.java:205)
	at org.springframework.web.method.support.InvocableHandlerMethod.invokeForRequest(InvocableHandlerMethod.java:133)
	at org.springframework.web.servlet.mvc.method.annotation.ServletInvocableHandlerMethod.invokeAndHandle(ServletInvocableHandlerMethod.java:116)
	at org.springframework.web.servlet.mvc.method.annotation.RequestMappingHandlerAdapter.invokeHandlerMethod(RequestMappingHandlerAdapter.java:827)
	at org.springframework.web.servlet.mvc.method.annotation.RequestMappingHandlerAdapter.handleInternal(RequestMappingHandlerAdapter.java:738)
	at org.springframework.web.servlet.mvc.method.AbstractHandlerMethodAdapter.handle(AbstractHandlerMethodAdapter.java:85)
	at org.springframework.web.servlet.DispatcherServlet.doDispatch(DispatcherServlet.java:963)
	at org.springframework.web.servlet.DispatcherServlet.doService(DispatcherServlet.java:897)
	at org.springframework.web.servlet.FrameworkServlet.processRequest(FrameworkServlet.java:970)
	at org.springframework.web.servlet.FrameworkServlet.doPost(FrameworkServlet.java:872)
	at javax.servlet.http.HttpServlet.service(HttpServlet.java:648)
	at org.springframework.web.servlet.FrameworkServlet.service(FrameworkServlet.java:846)
	at javax.servlet.http.HttpServlet.service(HttpServlet.java:729)
	at org.apache.catalina.core.ApplicationFilterChain.internalDoFilter(ApplicationFilterChain.java:230)
	at org.apache.catalina.core.ApplicationFilterChain.doFilter(ApplicationFilterChain.java:165)
	at org.apache.tomcat.websocket.server.WsFilter.doFilter(WsFilter.java:52)
	at org.apache.catalina.core.ApplicationFilterChain.internalDoFilter(ApplicationFilterChain.java:192)
	at org.apache.catalina.core.ApplicationFilterChain.doFilter(ApplicationFilterChain.java:165)
	at org.springframework.web.filter.RequestContextFilter.doFilterInternal(RequestContextFilter.java:99)
	at org.springframework.web.filter.OncePerRequestFilter.doFilter(OncePerRequestFilter.java:107)
	at org.apache.catalina.core.ApplicationFilterChain.internalDoFilter(ApplicationFilterChain.java:192)
	at org.apache.catalina.core.ApplicationFilterChain.doFilter(ApplicationFilterChain.java:165)
	at org.springframework.web.filter.HttpPutFormContentFilter.doFilterInternal(HttpPutFormContentFilter.java:105)
	at org.springframework.web.filter.OncePerRequestFilter.doFilter(OncePerRequestFilter.java:107)
	at org.apache.catalina.core.ApplicationFilterChain.internalDoFilter(ApplicationFilterChain.java:192)
	at org.apache.catalina.core.ApplicationFilterChain.doFilter(ApplicationFilterChain.java:165)
	at org.springframework.web.filter.HiddenHttpMethodFilter.doFilterInternal(HiddenHttpMethodFilter.java:81)
	at org.springframework.web.filter.OncePerRequestFilter.doFilter(OncePerRequestFilter.java:107)
	at org.apache.catalina.core.ApplicationFilterChain.internalDoFilter(ApplicationFilterChain.java:192)
	at org.apache.catalina.core.ApplicationFilterChain.doFilter(ApplicationFilterChain.java:165)
	at org.springframework.web.filter.CharacterEncodingFilter.doFilterInternal(CharacterEncodingFilter.java:197)
	at org.springframework.web.filter.OncePerRequestFilter.doFilter(OncePerRequestFilter.java:107)
	at org.apache.catalina.core.ApplicationFilterChain.internalDoFilter(ApplicationFilterChain.java:192)
	at org.apache.catalina.core.ApplicationFilterChain.doFilter(ApplicationFilterChain.java:165)
	at org.apache.catalina.core.StandardWrapperValve.invoke(StandardWrapperValve.java:198)
	at org.apache.catalina.core.StandardContextValve.invoke(StandardContextValve.java:96)
	at org.apache.catalina.authenticator.AuthenticatorBase.invoke(AuthenticatorBase.java:474)
	at org.apache.catalina.core.StandardHostValve.invoke(StandardHostValve.java:140)
	at org.apache.catalina.valves.ErrorReportValve.invoke(ErrorReportValve.java:79)
	at org.apache.catalina.core.StandardEngineValve.invoke(StandardEngineValve.java:87)
	at org.apache.catalina.connector.CoyoteAdapter.service(CoyoteAdapter.java:349)
	at org.apache.coyote.http11.Http11Processor.service(Http11Processor.java:783)
	at org.apache.coyote.AbstractProcessorLight.process(AbstractProcessorLight.java:66)
	at org.apache.coyote.AbstractProtocol$ConnectionHandler.process(AbstractProtocol.java:798)
	at org.apache.tomcat.util.net.NioEndpoint$SocketProcessor.doRun(NioEndpoint.java:1434)
	at org.apache.tomcat.util.net.SocketProcessorBase.run(SocketProcessorBase.java:49)
	at java.util.concurrent.ThreadPoolExecutor.runWorker(ThreadPoolExecutor.java:1142)
	at java.util.concurrent.ThreadPoolExecutor$Worker.run(ThreadPoolExecutor.java:617)
	at org.apache.tomcat.util.threads.TaskThread$WrappingRunnable.run(TaskThread.java:61)
	at java.lang.Thread.run(Thread.java:748)
Caused by: java.text.ParseException: Failed to parse date ["2013-07-07 19:15:00.0 +03.00']: Invalid time zone indicator ' '
	at com.google.gson.internal.bind.util.ISO8601Utils.parse(ISO8601Utils.java:274)
	at com.google.gson.internal.bind.DateTypeAdapter.deserializeToDate(DateTypeAdapter.java:72)
	... 69 common frames omitted
Caused by: java.lang.IndexOutOfBoundsException: Invalid time zone indicator ' '
	at com.google.gson.internal.bind.util.ISO8601Utils.parse(ISO8601Utils.java:245)
	... 70 common frames omitted

2017-06-10 19:39:41.854  INFO 13468 --- [http-nio-8080-exec-1] com.shiz.repository.db.DBServiceImpl     : getLocationList: 
2017-06-10 19:39:50.547  INFO 13468 --- [http-nio-8080-exec-2] com.shiz.repository.db.DBServiceImpl     : getLocationList: 
2017-06-10 19:39:50.563 ERROR 13468 --- [http-nio-8080-exec-2] com.shiz.repository.db.DBServiceImpl     : Exception NoResultException:

javax.persistence.NoResultException: No entity found for query
	at org.hibernate.query.internal.AbstractProducedQuery.getSingleResult(AbstractProducedQuery.java:1461)
	at com.shiz.repository.db.dao.LocationDaoImpl.getLocationList(LocationDaoImpl.java:73)
	at com.shiz.repository.db.DBServiceImpl.getLocationList(DBServiceImpl.java:467)
	at com.shiz.repository.network.DeviceController.getDeviceLocation(DeviceController.java:103)
	at sun.reflect.NativeMethodAccessorImpl.invoke0(Native Method)
	at sun.reflect.NativeMethodAccessorImpl.invoke(NativeMethodAccessorImpl.java:62)
	at sun.reflect.DelegatingMethodAccessorImpl.invoke(DelegatingMethodAccessorImpl.java:43)
	at java.lang.reflect.Method.invoke(Method.java:498)
	at org.springframework.web.method.support.InvocableHandlerMethod.doInvoke(InvocableHandlerMethod.java:205)
	at org.springframework.web.method.support.InvocableHandlerMethod.invokeForRequest(InvocableHandlerMethod.java:133)
	at org.springframework.web.servlet.mvc.method.annotation.ServletInvocableHandlerMethod.invokeAndHandle(ServletInvocableHandlerMethod.java:116)
	at org.springframework.web.servlet.mvc.method.annotation.RequestMappingHandlerAdapter.invokeHandlerMethod(RequestMappingHandlerAdapter.java:827)
	at org.springframework.web.servlet.mvc.method.annotation.RequestMappingHandlerAdapter.handleInternal(RequestMappingHandlerAdapter.java:738)
	at org.springframework.web.servlet.mvc.method.AbstractHandlerMethodAdapter.handle(AbstractHandlerMethodAdapter.java:85)
	at org.springframework.web.servlet.DispatcherServlet.doDispatch(DispatcherServlet.java:963)
	at org.springframework.web.servlet.DispatcherServlet.doService(DispatcherServlet.java:897)
	at org.springframework.web.servlet.FrameworkServlet.processRequest(FrameworkServlet.java:970)
	at org.springframework.web.servlet.FrameworkServlet.doGet(FrameworkServlet.java:861)
	at javax.servlet.http.HttpServlet.service(HttpServlet.java:622)
	at org.springframework.web.servlet.FrameworkServlet.service(FrameworkServlet.java:846)
	at javax.servlet.http.HttpServlet.service(HttpServlet.java:729)
	at org.apache.catalina.core.ApplicationFilterChain.internalDoFilter(ApplicationFilterChain.java:230)
	at org.apache.catalina.core.ApplicationFilterChain.doFilter(ApplicationFilterChain.java:165)
	at org.apache.tomcat.websocket.server.WsFilter.doFilter(WsFilter.java:52)
	at org.apache.catalina.core.ApplicationFilterChain.internalDoFilter(ApplicationFilterChain.java:192)
	at org.apache.catalina.core.ApplicationFilterChain.doFilter(ApplicationFilterChain.java:165)
	at org.springframework.web.filter.RequestContextFilter.doFilterInternal(RequestContextFilter.java:99)
	at org.springframework.web.filter.OncePerRequestFilter.doFilter(OncePerRequestFilter.java:107)
	at org.apache.catalina.core.ApplicationFilterChain.internalDoFilter(ApplicationFilterChain.java:192)
	at org.apache.catalina.core.ApplicationFilterChain.doFilter(ApplicationFilterChain.java:165)
	at org.springframework.web.filter.HttpPutFormContentFilter.doFilterInternal(HttpPutFormContentFilter.java:105)
	at org.springframework.web.filter.OncePerRequestFilter.doFilter(OncePerRequestFilter.java:107)
	at org.apache.catalina.core.ApplicationFilterChain.internalDoFilter(ApplicationFilterChain.java:192)
	at org.apache.catalina.core.ApplicationFilterChain.doFilter(ApplicationFilterChain.java:165)
	at org.springframework.web.filter.HiddenHttpMethodFilter.doFilterInternal(HiddenHttpMethodFilter.java:81)
	at org.springframework.web.filter.OncePerRequestFilter.doFilter(OncePerRequestFilter.java:107)
	at org.apache.catalina.core.ApplicationFilterChain.internalDoFilter(ApplicationFilterChain.java:192)
	at org.apache.catalina.core.ApplicationFilterChain.doFilter(ApplicationFilterChain.java:165)
	at org.springframework.web.filter.CharacterEncodingFilter.doFilterInternal(CharacterEncodingFilter.java:197)
	at org.springframework.web.filter.OncePerRequestFilter.doFilter(OncePerRequestFilter.java:107)
	at org.apache.catalina.core.ApplicationFilterChain.internalDoFilter(ApplicationFilterChain.java:192)
	at org.apache.catalina.core.ApplicationFilterChain.doFilter(ApplicationFilterChain.java:165)
	at org.apache.catalina.core.StandardWrapperValve.invoke(StandardWrapperValve.java:198)
	at org.apache.catalina.core.StandardContextValve.invoke(StandardContextValve.java:96)
	at org.apache.catalina.authenticator.AuthenticatorBase.invoke(AuthenticatorBase.java:474)
	at org.apache.catalina.core.StandardHostValve.invoke(StandardHostValve.java:140)
	at org.apache.catalina.valves.ErrorReportValve.invoke(ErrorReportValve.java:79)
	at org.apache.catalina.core.StandardEngineValve.invoke(StandardEngineValve.java:87)
	at org.apache.catalina.connector.CoyoteAdapter.service(CoyoteAdapter.java:349)
	at org.apache.coyote.http11.Http11Processor.service(Http11Processor.java:783)
	at org.apache.coyote.AbstractProcessorLight.process(AbstractProcessorLight.java:66)
	at org.apache.coyote.AbstractProtocol$ConnectionHandler.process(AbstractProtocol.java:798)
	at org.apache.tomcat.util.net.NioEndpoint$SocketProcessor.doRun(NioEndpoint.java:1434)
	at org.apache.tomcat.util.net.SocketProcessorBase.run(SocketProcessorBase.java:49)
	at java.util.concurrent.ThreadPoolExecutor.runWorker(ThreadPoolExecutor.java:1142)
	at java.util.concurrent.ThreadPoolExecutor$Worker.run(ThreadPoolExecutor.java:617)
	at org.apache.tomcat.util.threads.TaskThread$WrappingRunnable.run(TaskThread.java:61)
	at java.lang.Thread.run(Thread.java:748)

2017-06-11 00:21:19.111  INFO 14908 --- [main] com.shiz.DeviceControlApplication        : Starting DeviceControlApplication on batka with PID 14908 (C:\Users\OldMan\IdeaProjects\DeviceControl\target\classes started by OldMan in C:\Users\OldMan\IdeaProjects\DeviceControl)
2017-06-11 00:21:19.115  INFO 14908 --- [main] com.shiz.DeviceControlApplication        : No active profile set, falling back to default profiles: default
2017-06-11 00:21:24.726  INFO 14908 --- [main] com.shiz.DeviceControlApplication        : Started DeviceControlApplication in 6.02 seconds (JVM running for 6.598)
2017-06-11 00:21:31.945 ERROR 14908 --- [http-nio-8080-exec-1] com.shiz.repository.db.DBServiceImpl     : history already exist
2017-06-11 00:22:05.428 ERROR 14908 --- [http-nio-8080-exec-2] com.shiz.repository.db.DBServiceImpl     : history already exist
2017-06-11 00:23:06.999 ERROR 14908 --- [http-nio-8080-exec-4] c.s.r.exception.ErrorController          : Unexpected error

org.springframework.web.HttpRequestMethodNotSupportedException: Request method 'POST' not supported
	at org.springframework.web.servlet.mvc.method.RequestMappingInfoHandlerMapping.handleNoMatch(RequestMappingInfoHandlerMapping.java:207)
	at org.springframework.web.servlet.handler.AbstractHandlerMethodMapping.lookupHandlerMethod(AbstractHandlerMethodMapping.java:374)
	at org.springframework.web.servlet.handler.AbstractHandlerMethodMapping.getHandlerInternal(AbstractHandlerMethodMapping.java:314)
	at org.springframework.web.servlet.handler.AbstractHandlerMethodMapping.getHandlerInternal(AbstractHandlerMethodMapping.java:61)
	at org.springframework.web.servlet.handler.AbstractHandlerMapping.getHandler(AbstractHandlerMapping.java:352)
	at org.springframework.web.servlet.DispatcherServlet.getHandler(DispatcherServlet.java:1156)
	at org.springframework.web.servlet.DispatcherServlet.doDispatch(DispatcherServlet.java:936)
	at org.springframework.web.servlet.DispatcherServlet.doService(DispatcherServlet.java:897)
	at org.springframework.web.servlet.FrameworkServlet.processRequest(FrameworkServlet.java:970)
	at org.springframework.web.servlet.FrameworkServlet.doPost(FrameworkServlet.java:872)
	at javax.servlet.http.HttpServlet.service(HttpServlet.java:648)
	at org.springframework.web.servlet.FrameworkServlet.service(FrameworkServlet.java:846)
	at javax.servlet.http.HttpServlet.service(HttpServlet.java:729)
	at org.apache.catalina.core.ApplicationFilterChain.internalDoFilter(ApplicationFilterChain.java:230)
	at org.apache.catalina.core.ApplicationFilterChain.doFilter(ApplicationFilterChain.java:165)
	at org.apache.tomcat.websocket.server.WsFilter.doFilter(WsFilter.java:52)
	at org.apache.catalina.core.ApplicationFilterChain.internalDoFilter(ApplicationFilterChain.java:192)
	at org.apache.catalina.core.ApplicationFilterChain.doFilter(ApplicationFilterChain.java:165)
	at org.springframework.web.filter.RequestContextFilter.doFilterInternal(RequestContextFilter.java:99)
	at org.springframework.web.filter.OncePerRequestFilter.doFilter(OncePerRequestFilter.java:107)
	at org.apache.catalina.core.ApplicationFilterChain.internalDoFilter(ApplicationFilterChain.java:192)
	at org.apache.catalina.core.ApplicationFilterChain.doFilter(ApplicationFilterChain.java:165)
	at org.springframework.web.filter.HttpPutFormContentFilter.doFilterInternal(HttpPutFormContentFilter.java:105)
	at org.springframework.web.filter.OncePerRequestFilter.doFilter(OncePerRequestFilter.java:107)
	at org.apache.catalina.core.ApplicationFilterChain.internalDoFilter(ApplicationFilterChain.java:192)
	at org.apache.catalina.core.ApplicationFilterChain.doFilter(ApplicationFilterChain.java:165)
	at org.springframework.web.filter.HiddenHttpMethodFilter.doFilterInternal(HiddenHttpMethodFilter.java:81)
	at org.springframework.web.filter.OncePerRequestFilter.doFilter(OncePerRequestFilter.java:107)
	at org.apache.catalina.core.ApplicationFilterChain.internalDoFilter(ApplicationFilterChain.java:192)
	at org.apache.catalina.core.ApplicationFilterChain.doFilter(ApplicationFilterChain.java:165)
	at org.springframework.web.filter.CharacterEncodingFilter.doFilterInternal(CharacterEncodingFilter.java:197)
	at org.springframework.web.filter.OncePerRequestFilter.doFilter(OncePerRequestFilter.java:107)
	at org.apache.catalina.core.ApplicationFilterChain.internalDoFilter(ApplicationFilterChain.java:192)
	at org.apache.catalina.core.ApplicationFilterChain.doFilter(ApplicationFilterChain.java:165)
	at org.apache.catalina.core.StandardWrapperValve.invoke(StandardWrapperValve.java:198)
	at org.apache.catalina.core.StandardContextValve.invoke(StandardContextValve.java:96)
	at org.apache.catalina.authenticator.AuthenticatorBase.invoke(AuthenticatorBase.java:474)
	at org.apache.catalina.core.StandardHostValve.invoke(StandardHostValve.java:140)
	at org.apache.catalina.valves.ErrorReportValve.invoke(ErrorReportValve.java:79)
	at org.apache.catalina.core.StandardEngineValve.invoke(StandardEngineValve.java:87)
	at org.apache.catalina.connector.CoyoteAdapter.service(CoyoteAdapter.java:349)
	at org.apache.coyote.http11.Http11Processor.service(Http11Processor.java:783)
	at org.apache.coyote.AbstractProcessorLight.process(AbstractProcessorLight.java:66)
	at org.apache.coyote.AbstractProtocol$ConnectionHandler.process(AbstractProtocol.java:798)
	at org.apache.tomcat.util.net.NioEndpoint$SocketProcessor.doRun(NioEndpoint.java:1434)
	at org.apache.tomcat.util.net.SocketProcessorBase.run(SocketProcessorBase.java:49)
	at java.util.concurrent.ThreadPoolExecutor.runWorker(ThreadPoolExecutor.java:1142)
	at java.util.concurrent.ThreadPoolExecutor$Worker.run(ThreadPoolExecutor.java:617)
	at org.apache.tomcat.util.threads.TaskThread$WrappingRunnable.run(TaskThread.java:61)
	at java.lang.Thread.run(Thread.java:748)

2017-06-11 00:23:46.353 ERROR 14908 --- [http-nio-8080-exec-6] com.shiz.repository.db.DBServiceImpl     : history already exist
2017-06-11 08:53:30.164  INFO 9224 --- [main] com.shiz.DeviceControlApplication        : Starting DeviceControlApplication on batka with PID 9224 (C:\Users\OldMan\IdeaProjects\DeviceControl\target\classes started by OldMan in C:\Users\OldMan\IdeaProjects\DeviceControl)
2017-06-11 08:53:30.169  INFO 9224 --- [main] com.shiz.DeviceControlApplication        : No active profile set, falling back to default profiles: default
2017-06-11 08:53:36.038  INFO 9224 --- [main] com.shiz.DeviceControlApplication        : Started DeviceControlApplication in 6.532 seconds (JVM running for 7.369)
2017-06-11 08:53:45.026 ERROR 9224 --- [http-nio-8080-exec-1] com.shiz.repository.db.DBServiceImpl     : Exception getSettingsDevice: javax.persistence.NoResultException: No entity found for query
2017-06-11 08:54:42.616  INFO 14608 --- [main] com.shiz.DeviceControlApplication        : Starting DeviceControlApplication on batka with PID 14608 (C:\Users\OldMan\IdeaProjects\DeviceControl\target\classes started by OldMan in C:\Users\OldMan\IdeaProjects\DeviceControl)
2017-06-11 08:54:42.621  INFO 14608 --- [main] com.shiz.DeviceControlApplication        : No active profile set, falling back to default profiles: default
2017-06-11 08:54:48.419  INFO 14608 --- [main] com.shiz.DeviceControlApplication        : Started DeviceControlApplication in 6.202 seconds (JVM running for 6.761)
2017-06-11 08:54:49.788 ERROR 14608 --- [http-nio-8080-exec-1] com.shiz.repository.db.DBServiceImpl     : Exception getSettingsDevice: javax.persistence.NoResultException: No entity found for query
2017-06-11 08:54:53.633 ERROR 14608 --- [http-nio-8080-exec-2] com.shiz.repository.db.DBServiceImpl     : Exception getSettingsDevice: javax.persistence.NoResultException: No entity found for query
2017-06-11 08:55:13.694  INFO 4100 --- [main] com.shiz.DeviceControlApplication        : Starting DeviceControlApplication on batka with PID 4100 (C:\Users\OldMan\IdeaProjects\DeviceControl\target\classes started by OldMan in C:\Users\OldMan\IdeaProjects\DeviceControl)
2017-06-11 08:55:13.704  INFO 4100 --- [main] com.shiz.DeviceControlApplication        : No active profile set, falling back to default profiles: default
2017-06-11 08:55:20.376  INFO 4100 --- [main] com.shiz.DeviceControlApplication        : Started DeviceControlApplication in 7.259 seconds (JVM running for 8.032)
2017-06-11 08:56:08.348 ERROR 4100 --- [http-nio-8080-exec-1] com.shiz.repository.db.DBServiceImpl     : Exception getSettingsDevice: javax.persistence.NoResultException: No entity found for query
2017-06-11 08:56:24.166  INFO 4840 --- [main] com.shiz.DeviceControlApplication        : Starting DeviceControlApplication on batka with PID 4840 (C:\Users\OldMan\IdeaProjects\DeviceControl\target\classes started by OldMan in C:\Users\OldMan\IdeaProjects\DeviceControl)
2017-06-11 08:56:24.170  INFO 4840 --- [main] com.shiz.DeviceControlApplication        : No active profile set, falling back to default profiles: default
2017-06-11 08:56:29.727  INFO 4840 --- [main] com.shiz.DeviceControlApplication        : Started DeviceControlApplication in 5.961 seconds (JVM running for 6.578)
2017-06-11 08:56:41.652 ERROR 4840 --- [http-nio-8080-exec-1] com.shiz.repository.db.DBServiceImpl     : Exception getSettingsDevice: javax.persistence.NoResultException: No entity found for query
2017-06-11 09:34:39.468  INFO 12428 --- [main] com.shiz.DeviceControlApplication        : Starting DeviceControlApplication on batka with PID 12428 (C:\Users\OldMan\IdeaProjects\DeviceControl\target\classes started by OldMan in C:\Users\OldMan\IdeaProjects\DeviceControl)
2017-06-11 09:34:39.472  INFO 12428 --- [main] com.shiz.DeviceControlApplication        : No active profile set, falling back to default profiles: default
2017-06-11 09:36:33.652  INFO 10892 --- [main] com.shiz.DeviceControlApplication        : Starting DeviceControlApplication on batka with PID 10892 (C:\Users\OldMan\IdeaProjects\DeviceControl\target\classes started by OldMan in C:\Users\OldMan\IdeaProjects\DeviceControl)
2017-06-11 09:36:33.656  INFO 10892 --- [main] com.shiz.DeviceControlApplication        : No active profile set, falling back to default profiles: default
2017-06-11 09:38:57.193  INFO 372 --- [main] com.shiz.DeviceControlApplication        : Starting DeviceControlApplication on batka with PID 372 (C:\Users\OldMan\IdeaProjects\DeviceControl\target\classes started by OldMan in C:\Users\OldMan\IdeaProjects\DeviceControl)
2017-06-11 09:38:57.198  INFO 372 --- [main] com.shiz.DeviceControlApplication        : No active profile set, falling back to default profiles: default
2017-06-11 09:40:20.573  INFO 12240 --- [main] com.shiz.DeviceControlApplication        : Starting DeviceControlApplication on batka with PID 12240 (C:\Users\OldMan\IdeaProjects\DeviceControl\target\classes started by OldMan in C:\Users\OldMan\IdeaProjects\DeviceControl)
2017-06-11 09:40:20.577  INFO 12240 --- [main] com.shiz.DeviceControlApplication        : No active profile set, falling back to default profiles: default
2017-06-11 09:42:39.991  INFO 10096 --- [main] com.shiz.DeviceControlApplication        : Starting DeviceControlApplication on batka with PID 10096 (C:\Users\OldMan\IdeaProjects\DeviceControl\target\classes started by OldMan in C:\Users\OldMan\IdeaProjects\DeviceControl)
2017-06-11 09:42:39.996  INFO 10096 --- [main] com.shiz.DeviceControlApplication        : No active profile set, falling back to default profiles: default
2017-06-11 09:42:47.038  INFO 10096 --- [main] com.shiz.DeviceControlApplication        : Started DeviceControlApplication in 7.493 seconds (JVM running for 8.124)
2017-06-11 09:44:09.976  INFO 4180 --- [main] com.shiz.DeviceControlApplication        : Starting DeviceControlApplication on batka with PID 4180 (C:\Users\OldMan\IdeaProjects\DeviceControl\target\classes started by OldMan in C:\Users\OldMan\IdeaProjects\DeviceControl)
2017-06-11 09:44:09.978  INFO 4180 --- [main] com.shiz.DeviceControlApplication        : No active profile set, falling back to default profiles: default
2017-06-11 09:44:15.991  INFO 4180 --- [main] com.shiz.DeviceControlApplication        : Started DeviceControlApplication in 6.366 seconds (JVM running for 7.279)
2017-06-11 10:17:21.486  INFO 7540 --- [main] com.shiz.DeviceControlApplication        : Starting DeviceControlApplication on batka with PID 7540 (C:\Users\OldMan\IdeaProjects\DeviceControl\target\classes started by OldMan in C:\Users\OldMan\IdeaProjects\DeviceControl)
2017-06-11 10:17:21.490  INFO 7540 --- [main] com.shiz.DeviceControlApplication        : No active profile set, falling back to default profiles: default
2017-06-11 10:17:26.877  INFO 7540 --- [main] com.shiz.DeviceControlApplication        : Started DeviceControlApplication in 5.787 seconds (JVM running for 6.367)
2017-06-11 10:17:32.910 ERROR 7540 --- [http-nio-8080-exec-1] com.shiz.repository.db.DBServiceImpl     : Exception getSettingsDevice: org.springframework.beans.factory.NoSuchBeanDefinitionException: No qualifying bean of type 'org.springframework.transaction.PlatformTransactionManager' available
2017-06-11 10:18:08.002  INFO 13476 --- [main] com.shiz.DeviceControlApplication        : Starting DeviceControlApplication on batka with PID 13476 (C:\Users\OldMan\IdeaProjects\DeviceControl\target\classes started by OldMan in C:\Users\OldMan\IdeaProjects\DeviceControl)
2017-06-11 10:18:08.016  INFO 13476 --- [main] com.shiz.DeviceControlApplication        : No active profile set, falling back to default profiles: default
2017-06-11 10:18:15.642  INFO 13476 --- [main] com.shiz.DeviceControlApplication        : Started DeviceControlApplication in 8.264 seconds (JVM running for 9.189)
2017-06-11 10:18:42.248 ERROR 13476 --- [http-nio-8080-exec-1] com.shiz.repository.db.DBServiceImpl     : Exception getSettingsDevice: javax.persistence.NoResultException: No entity found for query
2017-06-11 10:25:14.720  INFO 13204 --- [main] com.shiz.DeviceControlApplication        : Starting DeviceControlApplication on batka with PID 13204 (C:\Users\OldMan\IdeaProjects\DeviceControl\target\classes started by OldMan in C:\Users\OldMan\IdeaProjects\DeviceControl)
2017-06-11 10:25:14.723  INFO 13204 --- [main] com.shiz.DeviceControlApplication        : No active profile set, falling back to default profiles: default
2017-06-11 10:25:20.745  INFO 13204 --- [main] com.shiz.DeviceControlApplication        : Started DeviceControlApplication in 6.468 seconds (JVM running for 7.077)
2017-06-11 10:25:22.409 ERROR 13204 --- [http-nio-8080-exec-1] com.shiz.repository.db.DBServiceImpl     : Exception getUser: javax.persistence.NoResultException: No entity found for query
2017-06-11 10:27:05.391  INFO 8748 --- [main] com.shiz.DeviceControlApplication        : Starting DeviceControlApplication on batka with PID 8748 (C:\Users\OldMan\IdeaProjects\DeviceControl\target\classes started by OldMan in C:\Users\OldMan\IdeaProjects\DeviceControl)
2017-06-11 10:27:05.395  INFO 8748 --- [main] com.shiz.DeviceControlApplication        : No active profile set, falling back to default profiles: default
2017-06-11 10:27:12.047  INFO 8748 --- [main] com.shiz.DeviceControlApplication        : Started DeviceControlApplication in 7.155 seconds (JVM running for 7.825)
2017-06-11 10:27:55.810 ERROR 8748 --- [http-nio-8080-exec-2] com.shiz.repository.db.DBServiceImpl     : Exception getUser: javax.persistence.NoResultException: No entity found for query
2017-06-11 10:31:40.981  INFO 13700 --- [main] com.shiz.DeviceControlApplication        : Starting DeviceControlApplication on batka with PID 13700 (C:\Users\OldMan\IdeaProjects\DeviceControl\target\classes started by OldMan in C:\Users\OldMan\IdeaProjects\DeviceControl)
2017-06-11 10:31:40.984  INFO 13700 --- [main] com.shiz.DeviceControlApplication        : No active profile set, falling back to default profiles: default
2017-06-11 10:31:46.790  INFO 13700 --- [main] com.shiz.DeviceControlApplication        : Started DeviceControlApplication in 6.222 seconds (JVM running for 6.829)
2017-06-11 11:04:15.442  INFO 13640 --- [main] com.shiz.DeviceControlApplication        : Starting DeviceControlApplication on batka with PID 13640 (C:\Users\OldMan\IdeaProjects\DeviceControl\target\classes started by OldMan in C:\Users\OldMan\IdeaProjects\DeviceControl)
2017-06-11 11:04:15.449  INFO 13640 --- [main] com.shiz.DeviceControlApplication        : No active profile set, falling back to default profiles: default
2017-06-11 11:04:21.911  INFO 13640 --- [main] com.shiz.DeviceControlApplication        : Started DeviceControlApplication in 6.957 seconds (JVM running for 7.612)
2017-06-11 12:13:35.864  INFO 1436 --- [main] com.shiz.DeviceControlApplication        : Starting DeviceControlApplication on batka with PID 1436 (C:\Users\OldMan\IdeaProjects\DeviceControl\target\classes started by OldMan in C:\Users\OldMan\IdeaProjects\DeviceControl)
2017-06-11 12:13:35.869  INFO 1436 --- [main] com.shiz.DeviceControlApplication        : No active profile set, falling back to default profiles: default
2017-06-11 12:13:42.083  INFO 1436 --- [main] com.shiz.DeviceControlApplication        : Started DeviceControlApplication in 6.662 seconds (JVM running for 7.272)
2017-06-11 12:19:37.854  INFO 5432 --- [main] com.shiz.DeviceControlApplication        : Starting DeviceControlApplication on batka with PID 5432 (C:\Users\OldMan\IdeaProjects\DeviceControl\target\classes started by OldMan in C:\Users\OldMan\IdeaProjects\DeviceControl)
2017-06-11 12:19:37.858  INFO 5432 --- [main] com.shiz.DeviceControlApplication        : No active profile set, falling back to default profiles: default
2017-06-11 12:19:43.834  INFO 5432 --- [main] com.shiz.DeviceControlApplication        : Started DeviceControlApplication in 6.426 seconds (JVM running for 7.142)
